<?xml version="1.0" encoding="UTF-8"?>
<testng-results skipped="0" failed="1" total="2" passed="1">
  <reporter-output>
  </reporter-output>
  <suite name="Default suite" duration-ms="49275" started-at="2016-02-11T13:28:47Z" finished-at="2016-02-11T13:29:36Z">
    <groups>
    </groups>
    <test name="Default test" duration-ms="49275" started-at="2016-02-11T13:28:47Z" finished-at="2016-02-11T13:29:36Z">
      <class name="testRunner.LoginPlatform">
        <test-method status="PASS" signature="setUp()[pri:0, instance:testRunner.LoginPlatform@5c2453bb]" name="setUp" is-config="true" duration-ms="16912" started-at="2016-02-11T10:28:47Z" finished-at="2016-02-11T10:29:04Z">
          <reporter-output>
          </reporter-output>
        </test-method> <!-- setUp -->
        <test-method status="FAIL" signature="LoginTrue()[pri:0, instance:testRunner.LoginPlatform@5c2453bb]" name="LoginTrue" duration-ms="7482" started-at="2016-02-11T10:29:04Z" finished-at="2016-02-11T10:29:11Z">
          <exception class="java.lang.NullPointerException">
            <full-stacktrace>
              <![CDATA[java.lang.NullPointerException
	at repoObjects.HomePage.SwitchFrameTop(HomePage.java:53)
	at testRunner.LoginPlatform.LoginTrue(LoginPlatform.java:53)
	at sun.reflect.NativeMethodAccessorImpl.invoke0(Native Method)
	at sun.reflect.NativeMethodAccessorImpl.invoke(Unknown Source)
	at sun.reflect.DelegatingMethodAccessorImpl.invoke(Unknown Source)
	at java.lang.reflect.Method.invoke(Unknown Source)
	at org.testng.internal.MethodInvocationHelper.invokeMethod(MethodInvocationHelper.java:85)
	at org.testng.internal.Invoker.invokeMethod(Invoker.java:696)
	at org.testng.internal.Invoker.invokeTestMethod(Invoker.java:882)
	at org.testng.internal.Invoker.invokeTestMethods(Invoker.java:1189)
	at org.testng.internal.TestMethodWorker.invokeTestMethods(TestMethodWorker.java:124)
	at org.testng.internal.TestMethodWorker.run(TestMethodWorker.java:108)
	at org.testng.TestRunner.privateRun(TestRunner.java:767)
	at org.testng.TestRunner.run(TestRunner.java:617)
	at org.testng.SuiteRunner.runTest(SuiteRunner.java:348)
	at org.testng.SuiteRunner.runSequentially(SuiteRunner.java:343)
	at org.testng.SuiteRunner.privateRun(SuiteRunner.java:305)
	at org.testng.SuiteRunner.run(SuiteRunner.java:254)
	at org.testng.SuiteRunnerWorker.runSuite(SuiteRunnerWorker.java:52)
	at org.testng.SuiteRunnerWorker.run(SuiteRunnerWorker.java:86)
	at org.testng.TestNG.runSuitesSequentially(TestNG.java:1224)
	at org.testng.TestNG.runSuitesLocally(TestNG.java:1149)
	at org.testng.TestNG.run(TestNG.java:1057)
	at org.testng.remote.RemoteTestNG.run(RemoteTestNG.java:115)
	at org.testng.remote.RemoteTestNG.initAndRun(RemoteTestNG.java:207)
	at org.testng.remote.RemoteTestNG.main(RemoteTestNG.java:178)
]]>
            </full-stacktrace>
          </exception> <!-- java.lang.NullPointerException -->
          <reporter-output>
          </reporter-output>
        </test-method> <!-- LoginTrue -->
        <test-method status="PASS" signature="tearDown()[pri:0, instance:testRunner.LoginPlatform@5c2453bb]" name="tearDown" is-config="true" duration-ms="2222" started-at="2016-02-11T10:29:11Z" finished-at="2016-02-11T10:29:13Z">
          <reporter-output>
          </reporter-output>
        </test-method> <!-- tearDown -->
        <test-method status="PASS" signature="setUp()[pri:0, instance:testRunner.LoginPlatform@5c2453bb]" name="setUp" is-config="true" duration-ms="15470" started-at="2016-02-11T10:29:13Z" finished-at="2016-02-11T10:29:29Z">
          <reporter-output>
          </reporter-output>
        </test-method> <!-- setUp -->
        <test-method status="PASS" signature="LoginFalse()[pri:0, instance:testRunner.LoginPlatform@5c2453bb]" name="LoginFalse" duration-ms="6552" started-at="2016-02-11T10:29:29Z" finished-at="2016-02-11T10:29:35Z">
          <reporter-output>
          </reporter-output>
        </test-method> <!-- LoginFalse -->
        <test-method status="PASS" signature="tearDown()[pri:0, instance:testRunner.LoginPlatform@5c2453bb]" name="tearDown" is-config="true" duration-ms="565" started-at="2016-02-11T10:29:35Z" finished-at="2016-02-11T10:29:36Z">
          <reporter-output>
          </reporter-output>
        </test-method> <!-- tearDown -->
      </class> <!-- testRunner.LoginPlatform -->
    </test> <!-- Default test -->
  </suite> <!-- Default suite -->
</testng-results>
