<?xml version="1.0" encoding="UTF-8"?>
<testng-results skipped="0" failed="0" total="2" passed="2">
  <reporter-output>
  </reporter-output>
  <suite name="Default suite" duration-ms="66001" started-at="2016-02-10T18:32:39Z" finished-at="2016-02-10T18:33:45Z">
    <groups>
    </groups>
    <test name="Default test" duration-ms="66001" started-at="2016-02-10T18:32:39Z" finished-at="2016-02-10T18:33:45Z">
      <class name="testRunner.LoginPlatform">
        <test-method status="PASS" signature="setUp()[pri:0, instance:testRunner.LoginPlatform@5c2453bb]" name="setUp" is-config="true" duration-ms="14660" started-at="2016-02-10T15:32:39Z" finished-at="2016-02-10T15:32:54Z">
          <reporter-output>
          </reporter-output>
        </test-method> <!-- setUp -->
        <test-method status="PASS" signature="LoginTrue()[pri:0, instance:testRunner.LoginPlatform@5c2453bb]" name="LoginTrue" duration-ms="7422" started-at="2016-02-10T15:32:54Z" finished-at="2016-02-10T15:33:01Z">
          <reporter-output>
          </reporter-output>
        </test-method> <!-- LoginTrue -->
        <test-method status="PASS" signature="tearDown()[pri:0, instance:testRunner.LoginPlatform@5c2453bb]" name="tearDown" is-config="true" duration-ms="1103" started-at="2016-02-10T15:33:01Z" finished-at="2016-02-10T15:33:02Z">
          <reporter-output>
          </reporter-output>
        </test-method> <!-- tearDown -->
        <test-method status="PASS" signature="setUp()[pri:0, instance:testRunner.LoginPlatform@5c2453bb]" name="setUp" is-config="true" duration-ms="36865" started-at="2016-02-10T15:33:02Z" finished-at="2016-02-10T15:33:39Z">
          <reporter-output>
          </reporter-output>
        </test-method> <!-- setUp -->
        <test-method status="PASS" signature="LoginFalse()[pri:0, instance:testRunner.LoginPlatform@5c2453bb]" name="LoginFalse" duration-ms="5086" started-at="2016-02-10T15:33:39Z" finished-at="2016-02-10T15:33:44Z">
          <reporter-output>
          </reporter-output>
        </test-method> <!-- LoginFalse -->
        <test-method status="PASS" signature="tearDown()[pri:0, instance:testRunner.LoginPlatform@5c2453bb]" name="tearDown" is-config="true" duration-ms="837" started-at="2016-02-10T15:33:44Z" finished-at="2016-02-10T15:33:45Z">
          <reporter-output>
          </reporter-output>
        </test-method> <!-- tearDown -->
      </class> <!-- testRunner.LoginPlatform -->
    </test> <!-- Default test -->
  </suite> <!-- Default suite -->
</testng-results>
